Started by user unknown or anonymous
Running as SYSTEM
Building in workspace D:\lggram\mylearning\jenkins-demo-plugin\work\workspace\sleepbuilder testing
Sleeping for: -1 ms. 
ERROR: Build step failed with exception
java.lang.IllegalArgumentException: timeout value is negative
	at java.base/java.lang.Thread.sleep(Native Method)
	at io.jenkins.plugins.sample.SleepBuilder.perform(SleepBuilder.java:38)
	at hudson.tasks.BuildStepCompatibilityLayer.perform(BuildStepCompatibilityLayer.java:82)
	at hudson.tasks.BuildStepMonitor$1.perform(BuildStepMonitor.java:20)
	at hudson.model.AbstractBuild$AbstractBuildExecution.perform(AbstractBuild.java:741)
	at hudson.model.Build$BuildExecution.build(Build.java:206)
	at hudson.model.Build$BuildExecution.doRun(Build.java:163)
	at hudson.model.AbstractBuild$AbstractBuildExecution.run(AbstractBuild.java:504)
	at hudson.model.Run.execute(Run.java:1880)
	at hudson.model.FreeStyleBuild.run(FreeStyleBuild.java:43)
	at hudson.model.ResourceController.execute(ResourceController.java:97)
	at hudson.model.Executor.run(Executor.java:428)
Build step 'Sleep Builder' marked build as failure
Finished: FAILURE
